2022-12-05 14:27:00 - MEGAHIT v1.2.9
2022-12-05 14:27:00 - Using megahit_core with POPCNT support
2022-12-05 14:27:00 - Convert reads to binary library
2022-12-05 14:33:35 - b'INFO  sequence/io/sequence_lib.cpp  :   77 - Lib 0 (/rhome/jwuw001/bigdata/final/out/SRR12131175_1.fastq.gz,/rhome/jwuw001/bigdata/final/out/SRR12131175_2.fastq.gz): pe, 177267026 reads, 150 max length'
2022-12-05 14:33:35 - b'INFO  utils/utils.h                 :  152 - Real: 394.5919\tuser: 284.3793\tsys: 53.5853\tmaxrss: 244576'
2022-12-05 14:33:35 - k-max reset to: 141 
2022-12-05 14:33:35 - Start assembly. Number of CPU threads 12 
2022-12-05 14:33:35 - k list: 21,29,39,59,79,99,119,141 
2022-12-05 14:33:35 - Memory used: 486679759257
2022-12-05 14:33:35 - Extract solid (k+1)-mers for k = 21 
2022-12-05 14:59:58 - Build graph for k = 21 
2022-12-05 15:38:48 - Assemble contigs from SdBG for k = 21
2022-12-05 18:33:49 - Local assembly for k = 21
2022-12-05 18:58:50 - Extract iterative edges from k = 21 to 29 
2022-12-05 19:21:34 - Build graph for k = 29 
2022-12-05 19:45:18 - Assemble contigs from SdBG for k = 29
2022-12-05 20:58:14 - Local assembly for k = 29
2022-12-05 21:42:02 - Extract iterative edges from k = 29 to 39 
2022-12-05 21:53:13 - Build graph for k = 39 
2022-12-05 22:11:03 - Assemble contigs from SdBG for k = 39
2022-12-05 23:10:54 - Local assembly for k = 39
2022-12-06 00:28:49 - Extract iterative edges from k = 39 to 59 
2022-12-06 00:38:34 - Build graph for k = 59 
2022-12-06 00:57:13 - Assemble contigs from SdBG for k = 59
2022-12-06 01:43:25 - Local assembly for k = 59
2022-12-06 03:12:40 - Extract iterative edges from k = 59 to 79 
2022-12-06 03:19:38 - Build graph for k = 79 
2022-12-06 03:33:15 - Assemble contigs from SdBG for k = 79
2022-12-06 04:15:37 - Local assembly for k = 79
2022-12-06 05:39:18 - Extract iterative edges from k = 79 to 99 
2022-12-06 05:45:30 - Build graph for k = 99 
2022-12-06 05:56:38 - Assemble contigs from SdBG for k = 99
2022-12-06 06:36:39 - Local assembly for k = 99
2022-12-06 07:47:26 - Extract iterative edges from k = 99 to 119 
2022-12-06 07:51:17 - Build graph for k = 119 
2022-12-06 08:00:17 - Assemble contigs from SdBG for k = 119
2022-12-06 08:34:32 - Local assembly for k = 119
2022-12-06 09:33:40 - Extract iterative edges from k = 119 to 141 
2022-12-06 09:35:49 - Build graph for k = 141 
2022-12-06 09:42:27 - Assemble contigs from SdBG for k = 141
2022-12-06 10:11:28 - Merging to output final contigs 
2022-12-06 10:11:38 - 2659135 contigs, total 2304690438 bp, min 200 bp, max 1889505 bp, avg 866 bp, N50 1134 bp
2022-12-06 10:11:38 - ALL DONE. Time elapsed: 71077.770779 seconds 
